{
    "ä½ çš„è§’è‰²": "ä½ æ˜¯ä¸€ä¸ªç»éªŒä¸°å¯Œçš„hugoåšå®¢æ­å»ºå’Œcloudflareæ‰˜ç®¡ä¸“å®¶ï¼ŒåŒæ—¶å–„äºä½¿ç”¨cloudflareä¸­çš„workerå’ŒpagesæœåŠ¡åŠå…¶ç›¸å…³çš„wranglerå‘½ä»¤ã€‚",
    "é—®é¢˜èƒŒæ™¯": ["æˆ‘æ­£åœ¨ä½¿ç”¨Hugoæ­å»ºä¸ªäººåšå®¢ï¼Œå¹¶è®¡åˆ’å°†å…¶æ‰˜ç®¡åœ¨Cloudflareä¸Šã€‚"],
    "å‚è€ƒæ•™ç¨‹": ["https://gohugo.io/host-and-deploy/host-on-cloudflare/#article",
                "https://deepwiki.com/adityatelange/hugo-PaperMod",
                "https://developers.cloudflare.com/workers/wrangler/configuration/"],
    "é—®é¢˜æ¦‚è¿°": ["æˆ‘åœ¨å‡†å¤‡å°†ä½¿ç”¨hugoæ­å»ºçš„ä¸ªäººåšå®¢æ‰˜ç®¡åœ¨cloudflareä¸Šçš„æ—¶å€™é‡åˆ°äº†ä¸€äº›é—®é¢˜ï¼Œå¸Œæœ›èƒ½å¾—åˆ°å¸®åŠ©ã€‚"],
    "å…·ä½“": ["æ„å»ºå‡ºé”™ï¼Œä¿®æ”¹ç‰ˆæœ¬åé—®é¢˜ä¾æ—§ï¼Œæ€€ç–‘æ˜¯é…ç½®æ–‡ä»¶çš„é—®é¢˜ï¼Œè¯·å¸®æˆ‘åˆ†æä¸€ä¸‹æ„å»ºæ—¥å¿—ï¼Œæ‰¾å‡ºé—®é¢˜æ‰€åœ¨ã€‚"],
    "cloudlare workeræ„å»ºæ—¥å¿—ä¿¡æ¯": "2026-01-26T14:30:17.578Z\tInitializing build environment...\n2026-01-26T14:30:19.480Z\tSuccess: Finished initializing build environment\n2026-01-26T14:30:22.084Z\tCloning repository...\n2026-01-26T14:30:29.183Z\tNo build output detected to cache. Skipping.\n2026-01-26T14:30:29.183Z\tNo dependencies detected to cache. Skipping.\n2026-01-26T14:30:29.185Z\tDetected the following tools from environment: \n2026-01-26T14:30:29.324Z\tExecuting user deploy command: npx wrangler deploy\n2026-01-26T14:30:38.181Z\tnpm warn exec The following package was not found and will be installed: wrangler@4.60.0\n2026-01-26T14:31:01.095Z\t\n2026-01-26T14:31:01.096Z\t â›…ï¸ wrangler 4.60.0\n2026-01-26T14:31:01.096Z\tâ”€â”€â”€â”€â”€â”€â”€â”€â”€â”€â”€â”€â”€â”€â”€â”€â”€â”€â”€\n2026-01-26T14:31:01.115Z\t[custom build] Running: chmod a+x build.sh && ./build.sh\n2026-01-26T14:31:10.731Z\t[custom build] Installing Dart Sass 1.97.2...\n2026-01-26T14:31:10.731Z\t[custom build] \n2026-01-26T14:31:12.495Z\t[custom build] Installing Go 1.25.5...\n2026-01-26T14:31:12.495Z\t[custom build] \n2026-01-26T14:31:17.651Z\t[custom build] Installing Hugo 0.140.0...\n2026-01-26T14:31:17.651Z\t[custom build] \n2026-01-26T14:31:18.425Z\t[custom build] Installing Node.js 24.12.0...\n2026-01-26T14:31:18.425Z\t[custom build] \n2026-01-26T14:31:21.598Z\t[custom build] Verifying installations...\n2026-01-26T14:31:21.598Z\t[custom build] \n2026-01-26T14:31:21.615Z\t[custom build] Dart Sass: 1.97.2\n2026-01-26T14:31:21.615Z\t[custom build] \n2026-01-26T14:31:21.625Z\t[custom build] Go: go version go1.25.5 linux/amd64\n2026-01-26T14:31:21.626Z\t[custom build] \n2026-01-26T14:31:21.666Z\t[custom build] Hugo: hugo v0.140.0-3f35721fb2c75a1f7cc5a7a14400b66e73d4b06e+extended linux/amd64 BuildDate=2024-12-17T14:20:55Z VendorInfo=gohugoio\n2026-01-26T14:31:21.666Z\t[custom build] \n2026-01-26T14:31:21.673Z\t[custom build] Node.js: v24.12.0\n2026-01-26T14:31:21.674Z\t[custom build] Configuring Git...\n2026-01-26T14:31:21.674Z\t[custom build] \n2026-01-26T14:31:22.235Z\t[custom build] From https://github.com/WR-mose/WR-mose.github.io\n2026-01-26T14:31:22.235Z\t[custom build]  * [new branch]      main       -> origin/main\n2026-01-26T14:31:22.235Z\t[custom build] \n2026-01-26T14:31:22.237Z\t[custom build] Building the site...\n2026-01-26T14:31:22.238Z\t[custom build] \n2026-01-26T14:31:22.548Z\t[custom build] Start building sites â€¦ \n2026-01-26T14:31:22.551Z\t[custom build] \n2026-01-26T14:31:22.556Z\t[custom build] hugo v0.140.0-3f35721fb2c75a1f7cc5a7a14400b66e73d4b06e+extended linux/amd64 BuildDate=2024-12-17T14:20:55Z VendorInfo=gohugoio\n2026-01-26T14:31:22.556Z\t[custom build] \n2026-01-26T14:31:22.556Z\t[custom build] \n2026-01-26T14:31:22.617Z\t[custom build] ERROR deprecated: .Site.Social was deprecated in Hugo v0.124.0 and will be removed in Hugo 0.141.0. Implement taxonomy 'social' or use .Site.Params.Social instead.\n2026-01-26T14:31:22.617Z\t[custom build] \n2026-01-26T14:31:22.617Z\t[custom build] WARN  Raw HTML omitted while rendering \"/\"; see https://gohugo.io/getting-started/configuration-markup/#rendererunsafe\n2026-01-26T14:31:22.617Z\t[custom build] You can suppress this warning by adding the following to your site configuration:\n2026-01-26T14:31:22.617Z\t[custom build] ignoreLogs = ['warning-goldmark-raw-html']\n2026-01-26T14:31:22.617Z\t[custom build] \n2026-01-26T14:31:22.670Z\t[custom build] ERROR failed to process \"/posts/third/index.html\": \"/tmp/hugo-transform-error918147303:134:40\": expected comma character or an array or object ending on line 134 and column 40\n2026-01-26T14:31:22.671Z\t[custom build]    12:     {\n2026-01-26T14:31:22.672Z\t[custom build]            ^\n2026-01-26T14:31:22.673Z\t[custom build] \n2026-01-26T14:31:22.673Z\t[custom build] Total in 389 ms\n2026-01-26T14:31:22.673Z\t[custom build] Error: error building site: render: failed to render pages: failed to process \"/posts/first/index.html\": \"/tmp/hugo-transform-error2770590829:95:40\": expected comma character or an array or object ending on line 95 and column 40\n2026-01-26T14:31:22.674Z\t[custom build]    12:     {\n2026-01-26T14:31:22.674Z\t[custom build]            ^\n2026-01-26T14:31:22.675Z\t[custom build] \n2026-01-26T14:31:22.773Z\tâœ˜ [ERROR] Error: Command failed with exit code 1: chmod a+x build.sh && ./build.sh\n2026-01-26T14:31:22.773Z\t\n2026-01-26T14:31:22.773Z\t  From https://github.com/WR-mose/WR-mose.github.io\n2026-01-26T14:31:22.774Z\t   * [new branch]      main       -> origin/main\n2026-01-26T14:31:22.774Z\t  ERROR deprecated: .Site.Social was deprecated in Hugo v0.124.0 and will be removed in Hugo 0.141.0. Implement taxonomy 'social' or use .Site.Params.Social instead.\n2026-01-26T14:31:22.774Z\t  WARN  Raw HTML omitted while rendering \"/\"; see https://gohugo.io/getting-started/configuration-markup/#rendererunsafe\n2026-01-26T14:31:22.774Z\t  You can suppress this warning by adding the following to your site configuration:\n2026-01-26T14:31:22.774Z\t  ignoreLogs = ['warning-goldmark-raw-html']\n2026-01-26T14:31:22.774Z\t  ERROR failed to process \"/posts/third/index.html\": \"/tmp/hugo-transform-error918147303:134:40\": expected comma character or an array or object ending on line 134 and column 40\n2026-01-26T14:31:22.774Z\t     12:     {\n2026-01-26T14:31:22.774Z\t             ^\n2026-01-26T14:31:22.775Z\t  Installing Dart Sass 1.97.2...\n2026-01-26T14:31:22.775Z\t  Installing Go 1.25.5...\n2026-01-26T14:31:22.775Z\t  Installing Hugo 0.140.0...\n2026-01-26T14:31:22.775Z\t  Installing Node.js 24.12.0...\n2026-01-26T14:31:22.775Z\t  Verifying installations...\n2026-01-26T14:31:22.775Z\t  Dart Sass: 1.97.2\n2026-01-26T14:31:22.776Z\t  Go: go version go1.25.5 linux/amd64\n2026-01-26T14:31:22.776Z\t  Hugo: hugo v0.140.0-3f35721fb2c75a1f7cc5a7a14400b66e73d4b06e+extended linux/amd64 BuildDate=2024-12-17T14:20:55Z VendorInfo=gohugoio\n2026-01-26T14:31:22.776Z\t  Node.js: v24.12.0\n2026-01-26T14:31:22.776Z\t  Configuring Git...\n2026-01-26T14:31:22.776Z\t  Building the site...\n2026-01-26T14:31:22.776Z\t  Start building sites â€¦ \n2026-01-26T14:31:22.776Z\t  hugo v0.140.0-3f35721fb2c75a1f7cc5a7a14400b66e73d4b06e+extended linux/amd64 BuildDate=2024-12-17T14:20:55Z VendorInfo=gohugoio\n2026-01-26T14:31:22.777Z\t  \n2026-01-26T14:31:22.777Z\t  Total in 389 ms\n2026-01-26T14:31:22.777Z\t  Error: error building site: render: failed to render pages: failed to process \"/posts/first/index.html\": \"/tmp/hugo-transform-error2770590829:95:40\": expected comma character or an array or object ending on line 95 and column 40\n2026-01-26T14:31:22.777Z\t     12:     {\n2026-01-26T14:31:22.777Z\t             ^\n2026-01-26T14:31:22.779Z\t      at makeError (/opt/buildhome/.npm/_npx/32026684e21afda6/node_modules/wrangler/wrangler-dist/cli.js:127317:18)\n2026-01-26T14:31:22.779Z\t      at handlePromise (/opt/buildhome/.npm/_npx/32026684e21afda6/node_modules/wrangler/wrangler-dist/cli.js:127784:29)\n2026-01-26T14:31:22.779Z\t      at process.processTicksAndRejections (node:internal/process/task_queues:105:5)\n2026-01-26T14:31:22.779Z\t      at async runCommand (/opt/buildhome/.npm/_npx/32026684e21afda6/node_modules/wrangler/wrangler-dist/cli.js:127977:5)\n2026-01-26T14:31:22.779Z\t      at async runCustomBuild (/opt/buildhome/.npm/_npx/32026684e21afda6/node_modules/wrangler/wrangler-dist/cli.js:127990:5)\n2026-01-26T14:31:22.780Z\t      at async getEntry (/opt/buildhome/.npm/_npx/32026684e21afda6/node_modules/wrangler/wrangler-dist/cli.js:219823:3)\n2026-01-26T14:31:22.780Z\t      at async Object.handler (/opt/buildhome/.npm/_npx/32026684e21afda6/node_modules/wrangler/wrangler-dist/cli.js:220441:23)\n2026-01-26T14:31:22.780Z\t      at async Object.handler (/opt/buildhome/.npm/_npx/32026684e21afda6/node_modules/wrangler/wrangler-dist/cli.js:172028:7) {\n2026-01-26T14:31:22.780Z\t    shortMessage: 'Command failed with exit code 1: chmod a+x build.sh && ./build.sh',\n2026-01-26T14:31:22.780Z\t    command: 'chmod a+x build.sh && ./build.sh',\n2026-01-26T14:31:22.780Z\t    escapedCommand: 'chmod \"a+x\" build.sh \"&&\" \"./build.sh\"',\n2026-01-26T14:31:22.780Z\t    exitCode: 1,\n2026-01-26T14:31:22.780Z\t    signal: undefined,\n2026-01-26T14:31:22.780Z\t    signalDescription: undefined,\n2026-01-26T14:31:22.780Z\t    stdout: 'Installing Dart Sass 1.97.2...\\n' +\n2026-01-26T14:31:22.780Z\t      'Installing Go 1.25.5...\\n' +\n2026-01-26T14:31:22.780Z\t      'Installing Hugo 0.140.0...\\n' +\n2026-01-26T14:31:22.780Z\t      'Installing Node.js 24.12.0...\\n' +\n2026-01-26T14:31:22.780Z\t      'Verifying installations...\\n' +\n2026-01-26T14:31:22.780Z\t      'Dart Sass: 1.97.2\\n' +\n2026-01-26T14:31:22.780Z\t      'Go: go version go1.25.5 linux/amd64\\n' +\n2026-01-26T14:31:22.780Z\t      'Hugo: hugo v0.140.0-3f35721fb2c75a1f7cc5a7a14400b66e73d4b06e+extended linux/amd64 BuildDate=2024-12-17T14:20:55Z VendorInfo=gohugoio\\n' +\n2026-01-26T14:31:22.781Z\t      'Node.js: v24.12.0\\n' +\n2026-01-26T14:31:22.781Z\t      'Configuring Git...\\n' +\n2026-01-26T14:31:22.781Z\t      'Building the site...\\n' +\n2026-01-26T14:31:22.781Z\t      'Start building sites â€¦ \\n' +\n2026-01-26T14:31:22.781Z\t      'hugo v0.140.0-3f35721fb2c75a1f7cc5a7a14400b66e73d4b06e+extended linux/amd64 BuildDate=2024-12-17T14:20:55Z VendorInfo=gohugoio\\n' +\n2026-01-26T14:31:22.781Z\t      '\\n' +\n2026-01-26T14:31:22.781Z\t      'Total in 389 ms\\n' +\n2026-01-26T14:31:22.781Z\t      'Error: error building site: render: failed to render pages: failed to process \"/posts/first/index.html\": \"/tmp/hugo-transform-error2770590829:95:40\": expected comma character or an array or object ending on line 95 and column 40\\n' +\n2026-01-26T14:31:22.782Z\t      '   12:     {\\n' +\n2026-01-26T14:31:22.782Z\t      '           ^',\n2026-01-26T14:31:22.782Z\t    stderr: 'From https://github.com/WR-mose/WR-mose.github.io\\n' +\n2026-01-26T14:31:22.782Z\t      ' * [new branch]      main       -> origin/main\\n' +\n2026-01-26T14:31:22.782Z\t      \"ERROR deprecated: .Site.Social was deprecated in Hugo v0.124.0 and will be removed in Hugo 0.141.0. Implement taxonomy 'social' or use .Site.Params.Social instead.\\n\" +\n2026-01-26T14:31:22.783Z\t      'WARN  Raw HTML omitted while rendering \"/\"; see https://gohugo.io/getting-started/configuration-markup/#rendererunsafe\\n' +\n2026-01-26T14:31:22.783Z\t      'You can suppress this warning by adding the following to your site configuration:\\n' +\n2026-01-26T14:31:22.783Z\t      \"ignoreLogs = ['warning-goldmark-raw-html']\\n\" +\n2026-01-26T14:31:22.783Z\t      'ERROR failed to process \"/posts/third/index.html\": \"/tmp/hugo-transform-error918147303:134:40\": expected comma character or an array or object ending on line 134 and column 40\\n' +\n2026-01-26T14:31:22.783Z\t      '   12:     {\\n' +\n2026-01-26T14:31:22.783Z\t      '           ^',\n2026-01-26T14:31:22.783Z\t    failed: true,\n2026-01-26T14:31:22.783Z\t    timedOut: false,\n2026-01-26T14:31:22.784Z\t    isCanceled: false,\n2026-01-26T14:31:22.784Z\t    killed: false\n2026-01-26T14:31:22.784Z\t  }\n2026-01-26T14:31:22.784Z\t\n2026-01-26T14:31:22.784Z\t\n2026-01-26T14:31:22.788Z\tâœ˜ [ERROR] Running custom build `chmod a+x build.sh && ./build.sh` failed. There are likely more logs from your build command above.\n2026-01-26T14:31:22.788Z\t\n2026-01-26T14:31:22.788Z\t\n2026-01-26T14:31:22.788Z\t\n2026-01-26T14:31:22.789Z\t\n2026-01-26T14:31:22.789Z\tCloudflare collects anonymous telemetry about your usage of Wrangler. Learn more at https://github.com/cloudflare/workers-sdk/tree/main/packages/wrangler/telemetry.md\n2026-01-26T14:31:22.807Z\tğŸªµ  Logs were written to \"/opt/buildhome/.config/.wrangler/logs/wrangler-2026-01-26_14-31-00_293.log\"\n2026-01-26T14:31:22.985Z\tFailed: error occurred while running deploy command",
    "é—®é¢˜çŒœæµ‹":["åœ¨æœ¬åœ°ä½¿ç”¨çš„æ˜¯windowsç³»ç»Ÿï¼Œè€Œcloudflareçš„workeræ„å»ºç¯å¢ƒæ˜¯åŸºäºlinuxçš„ï¼Œè¿™ä¼šä¸ä¼šå¯¼è‡´äº†ä¸€äº›å…¼å®¹æ€§é—®é¢˜",
               "æˆ‘å†åˆ›å»ºé¡¹ç›®çš„æ—¶å€™æ²¡æœ‰ä½¿ç”¨-f æŒ‡å®šconfigæ–‡ä»¶çš„ç±»å‹ï¼Œæ‰€ä»¥è‡ªåŠ¨ç”Ÿæˆäº†tomlæ ¼å¼çš„configæ–‡ä»¶ï¼ŒåæœŸæˆ‘åˆæ”¹æˆäº†yamlæ ¼å¼çš„ï¼Œè¿™ä¼šä¸ä¼šå¯¼è‡´ä¸€äº›é—®é¢˜"
            ],
    "ç›¸å…³æ–‡ä»¶":{
        "wrangler.toml": "name = \"hosting-cloudflare-worker\"\ncompatibility_date = \"2025-07-31\"\n\n[build]\ncommand = \"chmod a+x build.sh && ./build.sh\"\n\n[assets]\ndirectory = \"./public\"\nnot_found_handling = \"404-page\"\n" ,
        "hugo.yaml": "baseURL: ''\nlanguageCode: en-us\ntheme: PaperMod\ntitle: This is my frist Hugo website\ndisableThemeToggle: true\n\nmenu:\n  main:\n    - identifier: search\n      name: Search\n      url: /search/\n      weight: 20\n    - identifier: posts\n      name: Posts\n      url: /posts/\n      weight: 40\n\nparams:\n  search:\n    enabled: true\n    placeholder: \"What are you looking for?\"\n    noResultsText: \"No results found\"\n    resultsText: \"Search Results\"\n    searchButtonText: \"Search\"\n    clearButtonText: \"Clear\"\n\n  fuseOpts:\n    isCaseSensitive: false\n    shouldSort: true\n    location: 0\n    distance: 1000\n    threshold: 0.4\n    minMatchCharLength: 0\n    # limit: 10 # refer: https://www.fusejs.io/api/methods.html#search\n    keys: [\"title\", \"permalink\", \"summary\", \"content\"]\n\n  profileMode:\n    enabled: true\n    title: \"<Title>\" # optional default will be site title\n    subtitle: \"Stay hungry, stay foolish.\" # optional\n    imageUrl: \"img/face.jpg\" # optional\n    imageTitle: \"face\" # optional\n    imageWidth: 120 # custom size\n    imageHeight: 120 # custom size\n    #  imageShape: \"circle\" # optional, options: \"circle\", \"rounded\", \"square\", default: \"circle\"\n  socialIcons: # optional\n    - name: \"youtube\"\n      url: \"https://www.youtube.com/@%E8%83%A1%E5%B0%8F%E7%91%9E-s8e\"\n    - name: \"github\"\n      url: \"https://github.com/WR-mose\"\n    - name: \"bilibili\"\n      url: \"https://space.bilibili.com/23306942\"\n\n  outputs:\n    home:\n      - HTML\n      - RSS\n      - JSON # necessary for search",
        "/content/posts/third.md": "+++\ndate = '2026-01-24T22:04:18+08:00'\ndraft = false\ntitle = 'ç£ç›˜æ£€æŸ¥'\n\n\n#[cover]\n#image = \"img/chkntfs.jpg\"\n#alt = \"This is post image\"\n#caption = \"This is the caption\"\n\ncover_image = \"img/chkntfs.jpg\"\ncover_alt = \"This is post image\"\ncover_caption = \"This is the caption\"\n\n+++\n\n# ç£ç›˜æ£€æŸ¥\n## åŸå› \n1. éæ­£å¸¸å…³æœºï¼šå¦‚æœç”µè„‘å› ä¸ºæ–­ç”µã€è½¯ä»¶å†²çªã€ç¡¬ä»¶æ•…éšœæˆ–å…¶ä»–åŸå› å¯¼è‡´éæ­£å¸¸å…³æœºï¼ŒWindowsç³»ç»Ÿä¼šåœ¨ä¸‹æ¬¡å¯åŠ¨æ—¶è‡ªåŠ¨è¿è¡Œç£ç›˜è‡ªæ£€ï¼Œä»¥æ£€æŸ¥å’Œä¿®å¤å¯èƒ½å› ä¸ºä¸æ­£å¸¸å…³æœºè€ŒæŸåçš„æ–‡ä»¶ç³»ç»Ÿã€‚\n2. ç£ç›˜é”™è¯¯æˆ–æŸåï¼š å¦‚æœç³»ç»Ÿæ£€æµ‹åˆ°ç£ç›˜ä¸Šå­˜åœ¨é”™è¯¯æˆ–æŸåçš„æ–‡ä»¶ï¼Œä¾‹å¦‚æ–‡ä»¶åˆ†é…è¡¨ï¼ˆFATï¼‰æˆ–æ–‡ä»¶ç³»ç»Ÿå…ƒæ•°æ®æŸåï¼Œç³»ç»Ÿä¼šåœ¨å¯åŠ¨æ—¶è¿›è¡Œç£ç›˜è‡ªæ£€ä»¥å°è¯•ä¿®å¤è¿™äº›é—®é¢˜ã€‚\n3. ç£ç›˜ç¢ç‰‡è¿‡å¤šï¼š é•¿æ—¶é—´ä½¿ç”¨ç”µè„‘ï¼Œç£ç›˜ä¸Šçš„æ–‡ä»¶å¯èƒ½ä¼šäº§ç”Ÿç¢ç‰‡ï¼Œè™½ç„¶è¿™é€šå¸¸ä¸ä¼šè§¦å‘è‡ªåŠ¨ç£ç›˜è‡ªæ£€ï¼Œä½†ç³»ç»Ÿå¯èƒ½ä¼šå»ºè®®ç”¨æˆ·å®šæœŸè¿›è¡Œç£ç›˜ç¢ç‰‡æ•´ç†ã€‚\n4. ç³»ç»Ÿè®¾ç½®ï¼š Windowsç³»ç»Ÿæä¾›äº†ä¸€äº›å·¥å…·å’Œè®¾ç½®ï¼Œå…è®¸ç”¨æˆ·é…ç½®ä½•æ—¶ä»¥åŠå¦‚ä½•è¿›è¡Œç£ç›˜è‡ªæ£€ã€‚ä¾‹å¦‚ï¼Œç³»ç»Ÿå¯ä»¥è®¾ç½®åœ¨æ¯æ¬¡å¯åŠ¨æ—¶æ£€æŸ¥ç‰¹å®šçš„ç£ç›˜åˆ†åŒºï¼Œæˆ–è€…åœ¨æ£€æµ‹åˆ°æŸäº›ç±»å‹çš„æ–‡ä»¶ç³»ç»Ÿé”™è¯¯æ—¶æ‰§è¡Œè‡ªæ£€ã€‚\n5. ç¡¬ä»¶é—®é¢˜ï¼š ç¡¬ç›˜é©±åŠ¨å™¨çš„ç¡¬ä»¶é—®é¢˜ï¼Œå¦‚åé“æˆ–ç‰©ç†æŸåï¼Œä¹Ÿå¯èƒ½è§¦å‘ç³»ç»Ÿè‡ªåŠ¨è¿›è¡Œç£ç›˜è‡ªæ£€ã€‚\n6. åŒç³»ç»Ÿç¯å¢ƒï¼šåœ¨å®‰è£…äº†åŒç³»ç»Ÿï¼ˆä¾‹å¦‚Windows 10å’ŒWindows 7ï¼‰çš„ç”µè„‘ä¸Šï¼Œä»ä¸€ä¸ªç³»ç»Ÿåˆ‡æ¢åˆ°å¦ä¸€ä¸ªç³»ç»Ÿæ—¶ï¼Œå¯èƒ½ä¼šè§¦å‘ç£ç›˜è‡ªæ£€ï¼Œå°¤å…¶æ˜¯åœ¨ä¸åŒçš„æ–‡ä»¶ç³»ç»Ÿä¹‹é—´åˆ‡æ¢æ—¶ã€‚\n7. ç³»ç»Ÿæ›´æ–°æˆ–æ¢å¤æ“ä½œï¼šåœ¨æ‰§è¡Œç³»ç»Ÿæ›´æ–°æˆ–æ¢å¤æ“ä½œåï¼ŒWindowså¯èƒ½ä¼šåœ¨ä¸‹æ¬¡å¯åŠ¨æ—¶è¿›è¡Œç£ç›˜è‡ªæ£€ï¼Œä»¥ç¡®ä¿æ›´æ–°æˆ–æ¢å¤æ“ä½œæ²¡æœ‰æŸåæ–‡ä»¶ç³»ç»Ÿã€‚\nä¸ºäº†ç¡®ä¿æ•°æ®çš„å®Œæ•´æ€§å’Œç³»ç»Ÿçš„ç¨³å®šæ€§ï¼Œå»ºè®®ç”¨æˆ·åœ¨é‡åˆ°ç£ç›˜è‡ªæ£€æ—¶ä¸è¦è·³è¿‡è¯¥è¿‡ç¨‹ï¼Œé™¤éç¡®ä¿¡ç£ç›˜æ²¡æœ‰é—®é¢˜ï¼Œå¹¶ä¸”äº†è§£è·³è¿‡ç£ç›˜è‡ªæ£€å¯èƒ½å¸¦æ¥çš„é£é™©ã€‚å¦‚æœç£ç›˜è‡ªæ£€é¢‘ç¹å‘ç”Ÿï¼Œåº”è¯¥æ£€æŸ¥ç”µè„‘çš„ç¡¬ä»¶å’Œç³»ç»Ÿè®¾ç½®ï¼Œå¿…è¦æ—¶è¿›è¡Œç»´æŠ¤æˆ–ä¿®å¤ã€‚\n## è§£å†³æ–¹å¼\n    chkntfs /x volumes\n\n## å‘½ä»¤è§£é‡Š\n![chkntfså‘½ä»¤è¡Œç•Œé¢](img/chkntfs.jpg \"chkntfså‘½ä»¤è§£é‡Š\")\n",
        "build.sh": "#!/usr/bin/env bash\n\n#------------------------------------------------------------------------------\n# @file\n# Builds a Hugo site hosted on a Cloudflare Worker.\n#\n# The Cloudflare Worker automatically installs Node.js dependencies.\n#------------------------------------------------------------------------------\n\nmain() {\n\n  DART_SASS_VERSION=1.97.2\n  GO_VERSION=1.25.5\n  HUGO_VERSION=0.154.5\n  NODE_VERSION=24.12.0\n\n  export TZ=Europe/Oslo\n\n  # Install Dart Sass\n  echo \"Installing Dart Sass ${DART_SASS_VERSION}...\"\n  curl -sLJO \"https://github.com/sass/dart-sass/releases/download/${DART_SASS_VERSION}/dart-sass-${DART_SASS_VERSION}-linux-x64.tar.gz\"\n  tar -C \"${HOME}/.local\" -xf \"dart-sass-${DART_SASS_VERSION}-linux-x64.tar.gz\"\n  rm \"dart-sass-${DART_SASS_VERSION}-linux-x64.tar.gz\"\n  export PATH=\"${HOME}/.local/dart-sass:${PATH}\"\n\n  # Install Go\n  echo \"Installing Go ${GO_VERSION}...\"\n  curl -sLJO \"https://go.dev/dl/go${GO_VERSION}.linux-amd64.tar.gz\"\n  tar -C \"${HOME}/.local\" -xf \"go${GO_VERSION}.linux-amd64.tar.gz\"\n  rm \"go${GO_VERSION}.linux-amd64.tar.gz\"\n  export PATH=\"${HOME}/.local/go/bin:${PATH}\"\n\n  # Install Hugo\n  echo \"Installing Hugo ${HUGO_VERSION}...\"\n  curl -sLJO \"https://github.com/gohugoio/hugo/releases/download/v${HUGO_VERSION}/hugo_extended_${HUGO_VERSION}_linux-amd64.tar.gz\"\n  mkdir \"${HOME}/.local/hugo\"\n  tar -C \"${HOME}/.local/hugo\" -xf \"hugo_extended_${HUGO_VERSION}_linux-amd64.tar.gz\"\n  rm \"hugo_extended_${HUGO_VERSION}_linux-amd64.tar.gz\"\n  export PATH=\"${HOME}/.local/hugo:${PATH}\"\n\n  # Install Node.js\n  echo \"Installing Node.js ${NODE_VERSION}...\"\n  curl -sLJO \"https://nodejs.org/dist/v${NODE_VERSION}/node-v${NODE_VERSION}-linux-x64.tar.xz\"\n  tar -C \"${HOME}/.local\" -xf \"node-v${NODE_VERSION}-linux-x64.tar.xz\"\n  rm \"node-v${NODE_VERSION}-linux-x64.tar.xz\"\n  export PATH=\"${HOME}/.local/node-v${NODE_VERSION}-linux-x64/bin:${PATH}\"\n\n  # Verify installations\n  echo \"Verifying installations...\"\n  echo Dart Sass: \"$(sass --version)\"\n  echo Go: \"$(go version)\"\n  echo Hugo: \"$(hugo version)\"\n  echo Node.js: \"$(node --version)\"\n\n  # Configure Git\n  echo \"Configuring Git...\"\n  git config core.quotepath false\n  if [ \"$(git rev-parse --is-shallow-repository)\" = \"true\" ]; then\n    git fetch --unshallow\n  fi\n\n  # Build the site\n  echo \"Building the site...\"\n  hugo --gc --minify\n\n}\n\nset -euo pipefail\nmain \"$@\""
    }
}


{
    "ç»“æœ":"æ„å»ºçš„è¿˜æ˜¯æŠ¥é”™",
    "å·²ç»é‡‡å–çš„æªæ–½":["ä½¿ç”¨äº†ä½ ä¿®æ”¹çš„hugo.yamlé…ç½®æ–‡ä»¶","å»é™¤buid.shæ–‡ä»¶ä¸­çš„--minifyå‚æ•°é‡æ–°æ„å»º","å…¶ä»–æ–‡ä»¶éƒ½ä¿æŒä¸å˜"],
    "æ–°çš„æ„å»ºæ—¥å¿—ä¿¡æ¯":"2026-01-28T04:40:45.888Z\tInitializing build environment...\n2026-01-28T04:40:48.120Z\tSuccess: Finished initializing build environment\n2026-01-28T04:40:48.496Z\tCloning repository...\n2026-01-28T04:40:49.810Z\tNo build output detected to cache. Skipping.\n2026-01-28T04:40:49.810Z\tNo dependencies detected to cache. Skipping.\n2026-01-28T04:40:49.811Z\tDetected the following tools from environment: \n2026-01-28T04:40:50.006Z\tExecuting user deploy command: npx wrangler deploy\n2026-01-28T04:40:52.704Z\tnpm warn exec The following package was not found and will be installed: wrangler@4.61.0\n2026-01-28T04:41:16.404Z\t\n2026-01-28T04:41:16.405Z\t â›…ï¸ wrangler 4.61.0\n2026-01-28T04:41:16.405Z\tâ”€â”€â”€â”€â”€â”€â”€â”€â”€â”€â”€â”€â”€â”€â”€â”€â”€â”€â”€\n2026-01-28T04:41:16.440Z\t[custom build] Running: chmod a+x build.sh && ./build.sh\n2026-01-28T04:41:51.180Z\t[custom build] Installing Dart Sass 1.97.2...\n2026-01-28T04:41:51.180Z\t[custom build] \n2026-01-28T04:41:51.914Z\t[custom build] Installing Go 1.25.5...\n2026-01-28T04:41:51.916Z\t[custom build] \n2026-01-28T04:41:59.579Z\t[custom build] Installing Hugo 0.154.5...\n2026-01-28T04:41:59.580Z\t[custom build] \n2026-01-28T04:42:00.283Z\t[custom build] Installing Node.js 24.12.0...\n2026-01-28T04:42:00.283Z\t[custom build] \n2026-01-28T04:42:03.340Z\t[custom build] Verifying installations...\n2026-01-28T04:42:03.340Z\t[custom build] \n2026-01-28T04:42:09.218Z\t[custom build] Dart Sass: 1.97.2\n2026-01-28T04:42:09.219Z\t[custom build] \n2026-01-28T04:42:09.228Z\t[custom build] Go: go version go1.25.5 linux/amd64\n2026-01-28T04:42:09.228Z\t[custom build] \n2026-01-28T04:42:09.271Z\t[custom build] Hugo: hugo v0.154.5-a6f99cca223a29cad1d4cdaa6a1a90508ac1da71+extended linux/amd64 BuildDate=2026-01-11T20:53:23Z VendorInfo=gohugoio\n2026-01-28T04:42:09.272Z\t[custom build] \n2026-01-28T04:42:09.276Z\t[custom build] Node.js: v24.12.0\n2026-01-28T04:42:09.277Z\t[custom build] Configuring Git...\n2026-01-28T04:42:09.279Z\t[custom build] \n2026-01-28T04:42:09.692Z\t[custom build] From https://github.com/WR-mose/WR-mose.github.io\n2026-01-28T04:42:09.693Z\t[custom build]  * [new branch]      main       -> origin/main\n2026-01-28T04:42:09.693Z\t[custom build] \n2026-01-28T04:42:09.695Z\t[custom build] Building the site...\n2026-01-28T04:42:09.695Z\t[custom build] \n2026-01-28T04:42:09.740Z\t[custom build] Start building sites â€¦ \n2026-01-28T04:42:09.741Z\t[custom build] hugo v0.154.5-a6f99cca223a29cad1d4cdaa6a1a90508ac1da71+extended linux/amd64 BuildDate=2026-01-11T20:53:23Z VendorInfo=gohugoio\n2026-01-28T04:42:09.741Z\t[custom build] \n2026-01-28T04:42:09.741Z\t[custom build] \n2026-01-28T04:42:09.809Z\t[custom build] WARN  Doubtful use of partial function in {{ partial \"partials/templates/_funcs/get-page-images\"}}), this is most likely not what you want. Consider removing superfluous prefix \"partials/\" from template name given as first function argument.\n2026-01-28T04:42:09.809Z\t[custom build] You can suppress this warning by adding the following to your site configuration:\n2026-01-28T04:42:09.810Z\t[custom build] ignoreLogs = ['warning-partial-superfluous-prefix']\n2026-01-28T04:42:09.810Z\t[custom build] ERROR deprecated: .Site.Social was deprecated in Hugo v0.124.0 and subsequently removed. Implement taxonomy 'social' or use .Site.Params.Social instead.\n2026-01-28T04:42:09.810Z\t[custom build] \n2026-01-28T04:42:09.816Z\t[custom build] Total in 82 ms\n2026-01-28T04:42:09.816Z\t[custom build] \n2026-01-28T04:42:09.818Z\t[custom build] ERROR error building site: render: [en v1.0.0 guest] failed to render pages: render of \"/\" failed: \"/opt/buildhome/repo/themes/PaperMod/layouts/_default/baseof.html:9:8\": execute of template failed: template: list.html:9:8: executing \"list.html\" at <partial \"head.html\" .>: error calling partial: \"/opt/buildhome/repo/themes/PaperMod/layouts/partials/head.html:13:15\": execute of template failed: template: _partials/templates/opengraph.html:13:15: executing \"partials/templates/opengraph.html\" at <partial \"partials/templates/_funcs/get-page-images\" .>: error calling partial: partial \"partials/templates/_funcs/get-page-images\" not found\n2026-01-28T04:42:09.818Z\t[custom build] \n2026-01-28T04:42:09.934Z\tâœ˜ [ERROR] Error: Command failed with exit code 1: chmod a+x build.sh && ./build.sh\n2026-01-28T04:42:09.935Z\t\n2026-01-28T04:42:09.935Z\t  From https://github.com/WR-mose/WR-mose.github.io\n2026-01-28T04:42:09.935Z\t   * [new branch]      main       -> origin/main\n2026-01-28T04:42:09.935Z\t  WARN  Doubtful use of partial function in {{ partial \"partials/templates/_funcs/get-page-images\"}}), this is most likely not what you want. Consider removing superfluous prefix \"partials/\" from template name given as first function argument.\n2026-01-28T04:42:09.935Z\t  You can suppress this warning by adding the following to your site configuration:\n2026-01-28T04:42:09.935Z\t  ignoreLogs = ['warning-partial-superfluous-prefix']\n2026-01-28T04:42:09.935Z\t  ERROR deprecated: .Site.Social was deprecated in Hugo v0.124.0 and subsequently removed. Implement taxonomy 'social' or use .Site.Params.Social instead.\n2026-01-28T04:42:09.935Z\t  ERROR error building site: render: [en v1.0.0 guest] failed to render pages: render of \"/\" failed: \"/opt/buildhome/repo/themes/PaperMod/layouts/_default/baseof.html:9:8\": execute of template failed: template: list.html:9:8: executing \"list.html\" at <partial \"head.html\" .>: error calling partial: \"/opt/buildhome/repo/themes/PaperMod/layouts/partials/head.html:13:15\": execute of template failed: template: _partials/templates/opengraph.html:13:15: executing \"partials/templates/opengraph.html\" at <partial \"partials/templates/_funcs/get-page-images\" .>: error calling partial: partial \"partials/templates/_funcs/get-page-images\" not found\n2026-01-28T04:42:09.935Z\t  Installing Dart Sass 1.97.2...\n2026-01-28T04:42:09.935Z\t  Installing Go 1.25.5...\n2026-01-28T04:42:09.935Z\t  Installing Hugo 0.154.5...\n2026-01-28T04:42:09.936Z\t  Installing Node.js 24.12.0...\n2026-01-28T04:42:09.936Z\t  Verifying installations...\n2026-01-28T04:42:09.936Z\t  Dart Sass: 1.97.2\n2026-01-28T04:42:09.936Z\t  Go: go version go1.25.5 linux/amd64\n2026-01-28T04:42:09.936Z\t  Hugo: hugo v0.154.5-a6f99cca223a29cad1d4cdaa6a1a90508ac1da71+extended linux/amd64 BuildDate=2026-01-11T20:53:23Z VendorInfo=gohugoio\n2026-01-28T04:42:09.936Z\t  Node.js: v24.12.0\n2026-01-28T04:42:09.936Z\t  Configuring Git...\n2026-01-28T04:42:09.936Z\t  Building the site...\n2026-01-28T04:42:09.936Z\t  Start building sites â€¦ \n2026-01-28T04:42:09.936Z\t  hugo v0.154.5-a6f99cca223a29cad1d4cdaa6a1a90508ac1da71+extended linux/amd64 BuildDate=2026-01-11T20:53:23Z VendorInfo=gohugoio\n2026-01-28T04:42:09.936Z\t  \n2026-01-28T04:42:09.936Z\t  Total in 82 ms\n2026-01-28T04:42:09.936Z\t      at makeError (/opt/buildhome/.npm/_npx/32026684e21afda6/node_modules/wrangler/wrangler-dist/cli.js:127331:18)\n2026-01-28T04:42:09.936Z\t      at handlePromise (/opt/buildhome/.npm/_npx/32026684e21afda6/node_modules/wrangler/wrangler-dist/cli.js:127798:29)\n2026-01-28T04:42:09.936Z\t      at process.processTicksAndRejections (node:internal/process/task_queues:105:5)\n2026-01-28T04:42:09.937Z\t      at async runCommand (/opt/buildhome/.npm/_npx/32026684e21afda6/node_modules/wrangler/wrangler-dist/cli.js:127991:5)\n2026-01-28T04:42:09.937Z\t      at async runCustomBuild (/opt/buildhome/.npm/_npx/32026684e21afda6/node_modules/wrangler/wrangler-dist/cli.js:128004:5)\n2026-01-28T04:42:09.937Z\t      at async getEntry (/opt/buildhome/.npm/_npx/32026684e21afda6/node_modules/wrangler/wrangler-dist/cli.js:220452:3)\n2026-01-28T04:42:09.938Z\t      at async Object.handler (/opt/buildhome/.npm/_npx/32026684e21afda6/node_modules/wrangler/wrangler-dist/cli.js:221075:23)\n2026-01-28T04:42:09.938Z\t      at async /opt/buildhome/.npm/_npx/32026684e21afda6/node_modules/wrangler/wrangler-dist/cli.js:172652:26\n2026-01-28T04:42:09.938Z\t      at async Object.handler (/opt/buildhome/.npm/_npx/32026684e21afda6/node_modules/wrangler/wrangler-dist/cli.js:172616:7) {\n2026-01-28T04:42:09.938Z\t    shortMessage: 'Command failed with exit code 1: chmod a+x build.sh && ./build.sh',\n2026-01-28T04:42:09.938Z\t    command: 'chmod a+x build.sh && ./build.sh',\n2026-01-28T04:42:09.938Z\t    escapedCommand: 'chmod \"a+x\" build.sh \"&&\" \"./build.sh\"',\n2026-01-28T04:42:09.938Z\t    exitCode: 1,\n2026-01-28T04:42:09.938Z\t    signal: undefined,\n2026-01-28T04:42:09.938Z\t    signalDescription: undefined,\n2026-01-28T04:42:09.939Z\t    stdout: 'Installing Dart Sass 1.97.2...\\n' +\n2026-01-28T04:42:09.939Z\t      'Installing Go 1.25.5...\\n' +\n2026-01-28T04:42:09.939Z\t      'Installing Hugo 0.154.5...\\n' +\n2026-01-28T04:42:09.939Z\t      'Installing Node.js 24.12.0...\\n' +\n2026-01-28T04:42:09.939Z\t      'Verifying installations...\\n' +\n2026-01-28T04:42:09.940Z\t      'Dart Sass: 1.97.2\\n' +\n2026-01-28T04:42:09.940Z\t      'Go: go version go1.25.5 linux/amd64\\n' +\n2026-01-28T04:42:09.940Z\t      'Hugo: hugo v0.154.5-a6f99cca223a29cad1d4cdaa6a1a90508ac1da71+extended linux/amd64 BuildDate=2026-01-11T20:53:23Z VendorInfo=gohugoio\\n' +\n2026-01-28T04:42:09.940Z\t      'Node.js: v24.12.0\\n' +\n2026-01-28T04:42:09.940Z\t      'Configuring Git...\\n' +\n2026-01-28T04:42:09.940Z\t      'Building the site...\\n' +\n2026-01-28T04:42:09.940Z\t      'Start building sites â€¦ \\n' +\n2026-01-28T04:42:09.940Z\t      'hugo v0.154.5-a6f99cca223a29cad1d4cdaa6a1a90508ac1da71+extended linux/amd64 BuildDate=2026-01-11T20:53:23Z VendorInfo=gohugoio\\n' +\n2026-01-28T04:42:09.940Z\t      '\\n' +\n2026-01-28T04:42:09.940Z\t      'Total in 82 ms',\n2026-01-28T04:42:09.940Z\t    stderr: 'From https://github.com/WR-mose/WR-mose.github.io\\n' +\n2026-01-28T04:42:09.940Z\t      ' * [new branch]      main       -> origin/main\\n' +\n2026-01-28T04:42:09.940Z\t      'WARN  Doubtful use of partial function in {{ partial \"partials/templates/_funcs/get-page-images\"}}), this is most likely not what you want. Consider removing superfluous prefix \"partials/\" from template name given as first function argument.\\n' +\n2026-01-28T04:42:09.940Z\t      'You can suppress this warning by adding the following to your site configuration:\\n' +\n2026-01-28T04:42:09.941Z\t      \"ignoreLogs = ['warning-partial-superfluous-prefix']\\n\" +\n2026-01-28T04:42:09.941Z\t      \"ERROR deprecated: .Site.Social was deprecated in Hugo v0.124.0 and subsequently removed. Implement taxonomy 'social' or use .Site.Params.Social instead.\\n\" +\n2026-01-28T04:42:09.941Z\t      'ERROR error building site: render: [en v1.0.0 guest] failed to render pages: render of \"/\" failed: \"/opt/buildhome/repo/themes/PaperMod/layouts/_default/baseof.html:9:8\": execute of template failed: template: list.html:9:8: executing \"list.html\" at <partial \"head.html\" .>: error calling partial: \"/opt/buildhome/repo/themes/PaperMod/layouts/partials/head.html:13:15\": execute of template failed: template: _partials/templates/opengraph.html:13:15: executing \"partials/templates/opengraph.html\" at <partial \"partials/templates/_funcs/get-page-images\" .>: error calling partial: partial \"partials/templates/_funcs/get-page-images\" not found',\n2026-01-28T04:42:09.941Z\t    failed: true,\n2026-01-28T04:42:09.941Z\t    timedOut: false,\n2026-01-28T04:42:09.941Z\t    isCanceled: false,\n2026-01-28T04:42:09.941Z\t    killed: false\n2026-01-28T04:42:09.941Z\t  }\n2026-01-28T04:42:09.941Z\t\n2026-01-28T04:42:09.941Z\t\n2026-01-28T04:42:09.943Z\t\n2026-01-28T04:42:09.943Z\tCloudflare collects anonymous telemetry about your usage of Wrangler. Learn more at https://github.com/cloudflare/workers-sdk/tree/main/packages/wrangler/telemetry.md\n2026-01-28T04:42:09.944Z\t\n2026-01-28T04:42:09.945Z\tâœ˜ [ERROR] Running custom build `chmod a+x build.sh && ./build.sh` failed. There are likely more logs from your build command above.\n2026-01-28T04:42:09.945Z\t\n2026-01-28T04:42:09.945Z\t\n2026-01-28T04:42:09.981Z\tğŸªµ  Logs were written to \"/opt/buildhome/.config/.wrangler/logs/wrangler-2026-01-28_04-41-15_658.log\"\n2026-01-28T04:42:10.080Z\tFailed: error occurred while running deploy command",
    "æ–°çš„é—®é¢˜çŒœæµ‹":["æˆ‘å…³æ³¨åˆ°æ„å»ºæ—¥å¿—ä¸­ç¬¬ä¸€ä¸ªå‡ºç°çš„é”™è¯¯æç¤ºï¼š\n                ERROR error building site: render: [en v1.0.0 guest] failed to render pages: render of \"/\" failed: \"/opt/buildhome/repo/themes/PaperMod/layouts/_default/baseof.html:9:8\": execute of template failed: template: list.html:9:8: executing \"list.html\" at <partial \"head.html\" .>: error calling partial: \"/opt/buildhome/repo/themes/PaperMod/layouts/partials/head.html:13:15\": execute of template failed: template: _partials/templates/opengraph.html:13:15: executing \"partials/templates/opengraph.html\" at <partial \"partials/templates/_funcs/get-page-images\" .>: error calling partial: partial \"partials/templates/_funcs/get-page-images\" not found\n            ï¼Œè¿™å…·ä½“æ˜¯ä»€ä¹ˆæ„æ€",
               "æ—¥å¿—ä¸­è¿˜æåˆ°äº†.Site.Socialå·²è¢«å¼ƒç”¨å¹¶ç§»é™¤ï¼Œè¿™å¯èƒ½æ„å‘³ç€éœ€è¦æ›´æ–°hugo.yamlä¸­çš„ç¤¾äº¤å›¾æ ‡é…ç½®ä»¥ç¬¦åˆæœ€æ–°çš„Hugoç‰ˆæœ¬è¦æ±‚,ä½†æ˜¯æˆ‘æ˜¯ç”¨çš„hugoå’Œpapermodå·²ç»æ˜¯æœ€æ–°çš„ç‰ˆæœ¬äº†ï¼Œæˆ‘è§‰å¾—è¿™ä¸ªé—®é¢˜åº”è¯¥ä¸æ˜¯ç‰ˆæœ¬è¿‡ä½å¼•èµ·çš„"
            ],
    "æŸ¥è¯¢èµ„æ–™":["https://discourse.gohugo.io/t/error-deprecated-site-social-was-deprecated-in-hugo-v0-124-0-and-subsequently-removed-implement-taxonomy-social-or-use-site-params-social-instead/54880"],
    "è¦æ±‚":"è¯·å¸®æˆ‘åˆ†æä¸€ä¸‹æˆ‘ç»™å‡ºçš„ä¿¡æ¯ï¼Œå¹¶ç»™å‡ºç›¸åº”çš„è§£å†³æ–¹æ¡ˆå»ºè®®ã€‚"
}